2024-03-26T13:08:59+00:00 NOTICE profile :: user_update_subscribe_status :: Array
(
    [subscribed] => 
    [user_id] => 1
    [gdpr_fields] => 
)

2024-03-26T13:10:46+00:00 NOTICE action_scheduler.queue_job :: MailChimp_WooCommerce_Single_Product starts in 5 seconds :: obj_id 18
2024-03-26T13:28:17+00:00 NOTICE action_scheduler.queue_job :: MailChimp_WooCommerce_Single_Product starts in 5 seconds :: obj_id 20
2024-03-26T13:29:41+00:00 NOTICE action_scheduler.queue_job :: MailChimp_WooCommerce_Single_Product starts in 5 seconds :: obj_id 20
2024-03-26T13:46:00+00:00 NOTICE action_scheduler.queue_job :: MailChimp_WooCommerce_Single_Product starts in 5 seconds :: obj_id 26
2024-03-26T14:43:38+00:00 NOTICE handleOrderUpdate :: order_status
2024-03-26T14:44:08+00:00 NOTICE handleOrderUpdate :: order_status
2024-03-26T14:44:08+00:00 NOTICE handleOrderUpdate :: order_status
2024-03-26T14:44:11+00:00 NOTICE handleOrderUpdate :: order_status
2024-03-26T14:44:11+00:00 NOTICE handleOrderUpdate :: order_status
2024-03-26T14:44:58+00:00 NOTICE handleOrderUpdate :: order_status
2024-03-26T14:44:58+00:00 NOTICE handleOrderUpdate :: order_status
2024-03-26T14:45:03+00:00 NOTICE handleOrderUpdate :: order_status
2024-03-26T14:45:03+00:00 NOTICE handleOrderUpdate :: order_status
2024-03-26T21:25:35+00:00 NOTICE handleOrderUpdate :: order_status
2024-03-26T21:25:35+00:00 NOTICE handleOrderUpdate :: order_status
2024-03-26T21:25:44+00:00 NOTICE handleOrderUpdate :: order_status
2024-03-26T21:25:44+00:00 NOTICE handleOrderUpdate :: order_status
2024-03-26T21:26:29+00:00 NOTICE handleOrderUpdate :: order_status
2024-03-26T21:26:29+00:00 NOTICE handleOrderUpdate :: order_status
2024-03-26T21:27:39+00:00 NOTICE handleOrderUpdate :: order_status
2024-03-26T21:27:39+00:00 NOTICE handleOrderUpdate :: order_status
2024-03-26T21:27:44+00:00 NOTICE handleOrderUpdate :: order_status
2024-03-26T21:27:44+00:00 NOTICE handleOrderUpdate :: order_status
2024-03-26T21:27:59+00:00 NOTICE handleOrderUpdate :: order_status
2024-03-26T21:27:59+00:00 NOTICE handleOrderUpdate :: order_status
2024-03-26T21:28:05+00:00 NOTICE handleOrderUpdate :: order_status
2024-03-26T21:28:05+00:00 NOTICE handleOrderUpdate :: order_status
2024-03-26T21:29:23+00:00 NOTICE handleOrderUpdate :: order_status
2024-03-26T21:29:23+00:00 NOTICE handleOrderUpdate :: order_status
2024-03-26T21:29:47+00:00 NOTICE handleOrderUpdate :: order_status
2024-03-26T21:29:47+00:00 NOTICE handleOrderUpdate :: order_status
2024-03-26T21:29:48+00:00 NOTICE handleOrderUpdate :: order_status
2024-03-26T21:29:48+00:00 NOTICE handleOrderUpdate :: order_status
2024-03-26T21:29:49+00:00 NOTICE handleOrderUpdate :: order_status
2024-03-26T21:29:49+00:00 NOTICE handleOrderUpdate :: order_status
2024-03-26T21:30:02+00:00 NOTICE handleOrderUpdate :: order_status
2024-03-26T21:30:02+00:00 NOTICE handleOrderUpdate :: order_status
2024-03-26T21:30:04+00:00 NOTICE handleOrderUpdate :: order_status
2024-03-26T21:30:04+00:00 NOTICE handleOrderUpdate :: order_status
2024-03-26T21:30:29+00:00 NOTICE handleOrderUpdate :: order_status
2024-03-26T21:30:29+00:00 NOTICE handleOrderUpdate :: order_status
2024-03-26T21:30:34+00:00 NOTICE handleOrderUpdate :: order_status
2024-03-26T21:30:34+00:00 NOTICE handleOrderUpdate :: order_status
